[debug] [2023-04-13T07:18:36.252Z] ----------------------------------------------------------------------
[debug] [2023-04-13T07:18:36.254Z] Command:       /opt/homebrew/Cellar/node/19.9.0/bin/node /opt/homebrew/bin/firebase deploy
[debug] [2023-04-13T07:18:36.254Z] CLI Version:   11.26.0
[debug] [2023-04-13T07:18:36.254Z] Platform:      darwin
[debug] [2023-04-13T07:18:36.254Z] Node Version:  v19.9.0
[debug] [2023-04-13T07:18:36.254Z] Time:          Thu Apr 13 2023 03:18:36 GMT-0400 (Eastern Daylight Time)
[debug] [2023-04-13T07:18:36.254Z] ----------------------------------------------------------------------
[debug] 
[debug] [2023-04-13T07:18:36.293Z] > command requires scopes: ["email","openid","https://www.googleapis.com/auth/cloudplatformprojects.readonly","https://www.googleapis.com/auth/firebase","https://www.googleapis.com/auth/cloud-platform"]
[debug] [2023-04-13T07:18:36.294Z] > authorizing via signed-in user (a.bagali815703@gmail.com)
[debug] [2023-04-13T07:18:36.294Z] [iam] checking project fitnessbuddies-b3cd2 for permissions ["firebase.projects.get","firebasehosting.sites.update"]
[debug] [2023-04-13T07:18:36.295Z] >>> [apiv2][query] POST https://cloudresourcemanager.googleapis.com/v1/projects/fitnessbuddies-b3cd2:testIamPermissions [none]
[debug] [2023-04-13T07:18:36.295Z] >>> [apiv2][(partial)header] POST https://cloudresourcemanager.googleapis.com/v1/projects/fitnessbuddies-b3cd2:testIamPermissions x-goog-quota-user=projects/fitnessbuddies-b3cd2
[debug] [2023-04-13T07:18:36.295Z] >>> [apiv2][body] POST https://cloudresourcemanager.googleapis.com/v1/projects/fitnessbuddies-b3cd2:testIamPermissions {"permissions":["firebase.projects.get","firebasehosting.sites.update"]}
[debug] [2023-04-13T07:18:36.541Z] <<< [apiv2][status] POST https://cloudresourcemanager.googleapis.com/v1/projects/fitnessbuddies-b3cd2:testIamPermissions 200
[debug] [2023-04-13T07:18:36.541Z] <<< [apiv2][body] POST https://cloudresourcemanager.googleapis.com/v1/projects/fitnessbuddies-b3cd2:testIamPermissions {"permissions":["firebase.projects.get","firebasehosting.sites.update"]}
[debug] [2023-04-13T07:18:36.542Z] >>> [apiv2][query] GET https://firebase.googleapis.com/v1beta1/projects/fitnessbuddies-b3cd2 [none]
[debug] [2023-04-13T07:18:36.799Z] <<< [apiv2][status] GET https://firebase.googleapis.com/v1beta1/projects/fitnessbuddies-b3cd2 200
[debug] [2023-04-13T07:18:36.799Z] <<< [apiv2][body] GET https://firebase.googleapis.com/v1beta1/projects/fitnessbuddies-b3cd2 {"projectId":"fitnessbuddies-b3cd2","projectNumber":"17304059830","displayName":"fitnessbuddies","name":"projects/fitnessbuddies-b3cd2","resources":{"hostingSite":"fitnessbuddies-b3cd2","storageBucket":"fitnessbuddies-b3cd2.appspot.com","locationId":"us-central"},"state":"ACTIVE","etag":"1_2ac309cb-3b05-4474-8f39-89259d8236ac"}
[info] 
[info] === Deploying to 'fitnessbuddies-b3cd2'...
[info] 
[info] i  deploying hosting 
[debug] [2023-04-13T07:18:36.802Z] >>> [apiv2][query] POST https://firebasehosting.googleapis.com/v1beta1/projects/-/sites/fitnessbuddies-b3cd2/versions [none]
[debug] [2023-04-13T07:18:36.802Z] >>> [apiv2][body] POST https://firebasehosting.googleapis.com/v1beta1/projects/-/sites/fitnessbuddies-b3cd2/versions {"status":"CREATED","labels":{"deployment-tool":"cli-firebase"}}
[debug] [2023-04-13T07:18:37.454Z] <<< [apiv2][status] POST https://firebasehosting.googleapis.com/v1beta1/projects/-/sites/fitnessbuddies-b3cd2/versions 200
[debug] [2023-04-13T07:18:37.454Z] <<< [apiv2][body] POST https://firebasehosting.googleapis.com/v1beta1/projects/-/sites/fitnessbuddies-b3cd2/versions {"name":"projects/17304059830/sites/fitnessbuddies-b3cd2/versions/bd6bf0e7a7463f1d","status":"CREATED","config":{},"labels":{"deployment-tool":"cli-firebase"}}
[info] i  hosting[fitnessbuddies-b3cd2]: beginning deploy... 
[info] i  hosting[fitnessbuddies-b3cd2]: found 12 files in dist 
[debug] [2023-04-13T07:18:37.461Z] [hosting] uploading with 200 concurrency
[debug] [2023-04-13T07:18:37.485Z] [hosting] hash cache [ZGlzdA] stored for 12 files
[debug] [2023-04-13T07:18:37.485Z] [hosting][hash queue][FINAL] {"max":20,"min":2,"avg":4.25,"active":0,"complete":12,"success":12,"errored":0,"retried":0,"total":12,"elapsed":22}
[debug] [2023-04-13T07:18:37.485Z] >>> [apiv2][query] POST https://firebasehosting.googleapis.com/v1beta1/projects/17304059830/sites/fitnessbuddies-b3cd2/versions/bd6bf0e7a7463f1d:populateFiles [none]
[debug] [2023-04-13T07:18:37.485Z] >>> [apiv2][body] POST https://firebasehosting.googleapis.com/v1beta1/projects/17304059830/sites/fitnessbuddies-b3cd2/versions/bd6bf0e7a7463f1d:populateFiles {"files":{"/index.html":"6ae4ffdf532eed60c63e72e07cd48d29aa39f7be73558dd2d1f71521de868e9b","/assets/HomeView-ae8df9f4.css":"ad6fdc2af83bbcd5fc35478867ee87b0e57267a4a8f13cd244e33e38006d8cad","/assets/ProfileImage-5b22add2.css":"d9ae4ca51a4480383086331b8291e2d7807e26be39f3f0ea2c8c8f391b146b18","/assets/ProfileView-a1edbfa9.js":"8750b608f6791e92368122e29c1b30712f4c45ba97b50afadbfe21af812c5309","/assets/IndexView-b14c454a.js":"acca77af8c6dbe2d129fc6635abbdd066a9ac2e38be851e38861bcd28de86981","/favicon.ico":"78c67352ca96e13bfc2934e45d97aa094a905e7a8cb5134fddb64211137c4ffc","/assets/ProfileView-f20d64eb.css":"4b7e84c0d5cbb62b577d6f0a34a1db5daaca93b2f4043b8b89f5f3305655b4e5","/assets/ProfileImage-f531d29c.js":"e5fef65fa51f069b6735a3fd3039e0304b6f11fe131e4e2ee035e758e308c95b","/assets/HomeView-f5e6df74.js":"22d2c7ec7d3a0c53114afc34257f811b1bd99ae04def7975bde2dc79c2cf9694","/assets/vue-tippy.esm-browser-1a24154b.js":"7fb05f06b43ec4c7fd0ccab8b3bcd0fd00ab9127e022ec2d50cff137cb2c2d38","/assets/index-0a6b6271.css":"f505ab5ed9aea37048f35837f233477c916664a4ff531b4c4cb4cd75862388fa","/assets/index-08fad341.js":"ba496c6b85a8e964889f0388ea19de6246e7501a587ae0d18ba63f9858703769"}}
[debug] [2023-04-13T07:18:37.687Z] <<< [apiv2][status] POST https://firebasehosting.googleapis.com/v1beta1/projects/17304059830/sites/fitnessbuddies-b3cd2/versions/bd6bf0e7a7463f1d:populateFiles 200
[debug] [2023-04-13T07:18:37.687Z] <<< [apiv2][body] POST https://firebasehosting.googleapis.com/v1beta1/projects/17304059830/sites/fitnessbuddies-b3cd2/versions/bd6bf0e7a7463f1d:populateFiles {"uploadRequiredHashes":["8750b608f6791e92368122e29c1b30712f4c45ba97b50afadbfe21af812c5309","6ae4ffdf532eed60c63e72e07cd48d29aa39f7be73558dd2d1f71521de868e9b","acca77af8c6dbe2d129fc6635abbdd066a9ac2e38be851e38861bcd28de86981","ba496c6b85a8e964889f0388ea19de6246e7501a587ae0d18ba63f9858703769","e5fef65fa51f069b6735a3fd3039e0304b6f11fe131e4e2ee035e758e308c95b","7fb05f06b43ec4c7fd0ccab8b3bcd0fd00ab9127e022ec2d50cff137cb2c2d38","22d2c7ec7d3a0c53114afc34257f811b1bd99ae04def7975bde2dc79c2cf9694"],"uploadUrl":"https://upload-firebasehosting.googleapis.com/upload/sites/fitnessbuddies-b3cd2/versions/bd6bf0e7a7463f1d/files"}
[debug] [2023-04-13T07:18:37.689Z] >>> [apiv2][query] POST https://upload-firebasehosting.googleapis.com/upload/sites/fitnessbuddies-b3cd2/versions/bd6bf0e7a7463f1d/files/8750b608f6791e92368122e29c1b30712f4c45ba97b50afadbfe21af812c5309 [none]
[debug] [2023-04-13T07:18:37.689Z] >>> [apiv2][body] POST https://upload-firebasehosting.googleapis.com/upload/sites/fitnessbuddies-b3cd2/versions/bd6bf0e7a7463f1d/files/8750b608f6791e92368122e29c1b30712f4c45ba97b50afadbfe21af812c5309 [stream]
[debug] [2023-04-13T07:18:37.690Z] >>> [apiv2][query] POST https://upload-firebasehosting.googleapis.com/upload/sites/fitnessbuddies-b3cd2/versions/bd6bf0e7a7463f1d/files/6ae4ffdf532eed60c63e72e07cd48d29aa39f7be73558dd2d1f71521de868e9b [none]
[debug] [2023-04-13T07:18:37.690Z] >>> [apiv2][body] POST https://upload-firebasehosting.googleapis.com/upload/sites/fitnessbuddies-b3cd2/versions/bd6bf0e7a7463f1d/files/6ae4ffdf532eed60c63e72e07cd48d29aa39f7be73558dd2d1f71521de868e9b [stream]
[debug] [2023-04-13T07:18:37.691Z] >>> [apiv2][query] POST https://upload-firebasehosting.googleapis.com/upload/sites/fitnessbuddies-b3cd2/versions/bd6bf0e7a7463f1d/files/acca77af8c6dbe2d129fc6635abbdd066a9ac2e38be851e38861bcd28de86981 [none]
[debug] [2023-04-13T07:18:37.691Z] >>> [apiv2][body] POST https://upload-firebasehosting.googleapis.com/upload/sites/fitnessbuddies-b3cd2/versions/bd6bf0e7a7463f1d/files/acca77af8c6dbe2d129fc6635abbdd066a9ac2e38be851e38861bcd28de86981 [stream]
[debug] [2023-04-13T07:18:37.692Z] >>> [apiv2][query] POST https://upload-firebasehosting.googleapis.com/upload/sites/fitnessbuddies-b3cd2/versions/bd6bf0e7a7463f1d/files/ba496c6b85a8e964889f0388ea19de6246e7501a587ae0d18ba63f9858703769 [none]
[debug] [2023-04-13T07:18:37.692Z] >>> [apiv2][body] POST https://upload-firebasehosting.googleapis.com/upload/sites/fitnessbuddies-b3cd2/versions/bd6bf0e7a7463f1d/files/ba496c6b85a8e964889f0388ea19de6246e7501a587ae0d18ba63f9858703769 [stream]
[debug] [2023-04-13T07:18:37.693Z] >>> [apiv2][query] POST https://upload-firebasehosting.googleapis.com/upload/sites/fitnessbuddies-b3cd2/versions/bd6bf0e7a7463f1d/files/e5fef65fa51f069b6735a3fd3039e0304b6f11fe131e4e2ee035e758e308c95b [none]
[debug] [2023-04-13T07:18:37.693Z] >>> [apiv2][body] POST https://upload-firebasehosting.googleapis.com/upload/sites/fitnessbuddies-b3cd2/versions/bd6bf0e7a7463f1d/files/e5fef65fa51f069b6735a3fd3039e0304b6f11fe131e4e2ee035e758e308c95b [stream]
[debug] [2023-04-13T07:18:37.694Z] >>> [apiv2][query] POST https://upload-firebasehosting.googleapis.com/upload/sites/fitnessbuddies-b3cd2/versions/bd6bf0e7a7463f1d/files/7fb05f06b43ec4c7fd0ccab8b3bcd0fd00ab9127e022ec2d50cff137cb2c2d38 [none]
[debug] [2023-04-13T07:18:37.694Z] >>> [apiv2][body] POST https://upload-firebasehosting.googleapis.com/upload/sites/fitnessbuddies-b3cd2/versions/bd6bf0e7a7463f1d/files/7fb05f06b43ec4c7fd0ccab8b3bcd0fd00ab9127e022ec2d50cff137cb2c2d38 [stream]
[debug] [2023-04-13T07:18:37.695Z] >>> [apiv2][query] POST https://upload-firebasehosting.googleapis.com/upload/sites/fitnessbuddies-b3cd2/versions/bd6bf0e7a7463f1d/files/22d2c7ec7d3a0c53114afc34257f811b1bd99ae04def7975bde2dc79c2cf9694 [none]
[debug] [2023-04-13T07:18:37.695Z] >>> [apiv2][body] POST https://upload-firebasehosting.googleapis.com/upload/sites/fitnessbuddies-b3cd2/versions/bd6bf0e7a7463f1d/files/22d2c7ec7d3a0c53114afc34257f811b1bd99ae04def7975bde2dc79c2cf9694 [stream]
[debug] [2023-04-13T07:18:37.695Z] [hosting][populate queue][FINAL] {"max":204,"min":204,"avg":204,"active":0,"complete":1,"success":1,"errored":0,"retried":0,"total":1,"elapsed":211}
[debug] [2023-04-13T07:18:37.695Z] [hosting] uploads queued: 7
[debug] [2023-04-13T07:18:38.502Z] <<< [apiv2][status] POST https://upload-firebasehosting.googleapis.com/upload/sites/fitnessbuddies-b3cd2/versions/bd6bf0e7a7463f1d/files/22d2c7ec7d3a0c53114afc34257f811b1bd99ae04def7975bde2dc79c2cf9694 200
[debug] [2023-04-13T07:18:38.502Z] <<< [apiv2][body] POST https://upload-firebasehosting.googleapis.com/upload/sites/fitnessbuddies-b3cd2/versions/bd6bf0e7a7463f1d/files/22d2c7ec7d3a0c53114afc34257f811b1bd99ae04def7975bde2dc79c2cf9694 [stream]
[debug] [2023-04-13T07:18:38.503Z] <<< [apiv2][status] POST https://upload-firebasehosting.googleapis.com/upload/sites/fitnessbuddies-b3cd2/versions/bd6bf0e7a7463f1d/files/6ae4ffdf532eed60c63e72e07cd48d29aa39f7be73558dd2d1f71521de868e9b 200
[debug] [2023-04-13T07:18:38.503Z] <<< [apiv2][body] POST https://upload-firebasehosting.googleapis.com/upload/sites/fitnessbuddies-b3cd2/versions/bd6bf0e7a7463f1d/files/6ae4ffdf532eed60c63e72e07cd48d29aa39f7be73558dd2d1f71521de868e9b [stream]
[debug] [2023-04-13T07:18:38.503Z] <<< [apiv2][status] POST https://upload-firebasehosting.googleapis.com/upload/sites/fitnessbuddies-b3cd2/versions/bd6bf0e7a7463f1d/files/acca77af8c6dbe2d129fc6635abbdd066a9ac2e38be851e38861bcd28de86981 200
[debug] [2023-04-13T07:18:38.503Z] <<< [apiv2][body] POST https://upload-firebasehosting.googleapis.com/upload/sites/fitnessbuddies-b3cd2/versions/bd6bf0e7a7463f1d/files/acca77af8c6dbe2d129fc6635abbdd066a9ac2e38be851e38861bcd28de86981 [stream]
[debug] [2023-04-13T07:18:38.510Z] <<< [apiv2][status] POST https://upload-firebasehosting.googleapis.com/upload/sites/fitnessbuddies-b3cd2/versions/bd6bf0e7a7463f1d/files/ba496c6b85a8e964889f0388ea19de6246e7501a587ae0d18ba63f9858703769 200
[debug] [2023-04-13T07:18:38.510Z] <<< [apiv2][body] POST https://upload-firebasehosting.googleapis.com/upload/sites/fitnessbuddies-b3cd2/versions/bd6bf0e7a7463f1d/files/ba496c6b85a8e964889f0388ea19de6246e7501a587ae0d18ba63f9858703769 [stream]
[debug] [2023-04-13T07:18:38.593Z] <<< [apiv2][status] POST https://upload-firebasehosting.googleapis.com/upload/sites/fitnessbuddies-b3cd2/versions/bd6bf0e7a7463f1d/files/8750b608f6791e92368122e29c1b30712f4c45ba97b50afadbfe21af812c5309 200
[debug] [2023-04-13T07:18:38.593Z] <<< [apiv2][body] POST https://upload-firebasehosting.googleapis.com/upload/sites/fitnessbuddies-b3cd2/versions/bd6bf0e7a7463f1d/files/8750b608f6791e92368122e29c1b30712f4c45ba97b50afadbfe21af812c5309 [stream]
[debug] [2023-04-13T07:18:38.594Z] <<< [apiv2][status] POST https://upload-firebasehosting.googleapis.com/upload/sites/fitnessbuddies-b3cd2/versions/bd6bf0e7a7463f1d/files/7fb05f06b43ec4c7fd0ccab8b3bcd0fd00ab9127e022ec2d50cff137cb2c2d38 200
[debug] [2023-04-13T07:18:38.594Z] <<< [apiv2][body] POST https://upload-firebasehosting.googleapis.com/upload/sites/fitnessbuddies-b3cd2/versions/bd6bf0e7a7463f1d/files/7fb05f06b43ec4c7fd0ccab8b3bcd0fd00ab9127e022ec2d50cff137cb2c2d38 [stream]
[debug] [2023-04-13T07:18:38.594Z] <<< [apiv2][status] POST https://upload-firebasehosting.googleapis.com/upload/sites/fitnessbuddies-b3cd2/versions/bd6bf0e7a7463f1d/files/e5fef65fa51f069b6735a3fd3039e0304b6f11fe131e4e2ee035e758e308c95b 200
[debug] [2023-04-13T07:18:38.594Z] <<< [apiv2][body] POST https://upload-firebasehosting.googleapis.com/upload/sites/fitnessbuddies-b3cd2/versions/bd6bf0e7a7463f1d/files/e5fef65fa51f069b6735a3fd3039e0304b6f11fe131e4e2ee035e758e308c95b [stream]
[debug] [2023-04-13T07:18:38.594Z] [hosting][upload queue][FINAL] {"max":906,"min":814,"avg":855,"active":0,"complete":7,"success":7,"errored":0,"retried":0,"total":7,"elapsed":907}
[info] ✔  hosting[fitnessbuddies-b3cd2]: file upload complete 
[debug] [2023-04-13T07:18:38.594Z] [hosting] deploy completed after 1138ms
[debug] [2023-04-13T07:18:38.595Z] [
  {
    "config": {
      "public": "dist",
      "ignore": [
        "firebase.json",
        "**/.*",
        "**/node_modules/**"
      ],
      "rewrites": [
        {
          "source": "**",
          "destination": "/index.html"
        }
      ],
      "site": "fitnessbuddies-b3cd2"
    },
    "version": "projects/17304059830/sites/fitnessbuddies-b3cd2/versions/bd6bf0e7a7463f1d"
  }
]
[info] i  hosting[fitnessbuddies-b3cd2]: finalizing version... 
[debug] [2023-04-13T07:18:38.596Z] >>> [apiv2][query] PATCH https://firebasehosting.googleapis.com/v1beta1/projects/-/sites/fitnessbuddies-b3cd2/versions/bd6bf0e7a7463f1d updateMask=status%2Cconfig
[debug] [2023-04-13T07:18:38.596Z] >>> [apiv2][body] PATCH https://firebasehosting.googleapis.com/v1beta1/projects/-/sites/fitnessbuddies-b3cd2/versions/bd6bf0e7a7463f1d {"status":"FINALIZED","config":{"rewrites":[{"glob":"**","path":"/index.html"}]}}
